# JRE version: Java(TM) SE Runtime Environment (8.0_211-b12) (build 1.8.0_211-b12)
# Java VM: Java HotSpot(TM) 64-Bit Server VM (25.211-b12 mixed mode windows-amd64 compressed oops)
Heap:
 PSYoungGen      total 117248K, used 92654K [0x00000000d5f80000, 0x00000000e1e00000, 0x0000000100000000)
  eden space 108544K, 77% used [0x00000000d5f80000,0x00000000db17f580,0x00000000dc980000)
  from space 8704K, 99% used [0x00000000dc980000,0x00000000dd1fc500,0x00000000dd200000)
  to   space 10752K, 0% used [0x00000000e1380000,0x00000000e1380000,0x00000000e1e00000)
 ParOldGen       total 52224K, used 11087K [0x0000000081e00000, 0x0000000085100000, 0x00000000d5f80000)
  object space 52224K, 21% used [0x0000000081e00000,0x00000000828d3d60,0x0000000085100000)
 Metaspace       used 33031K, capacity 35384K, committed 35496K, reserved 1079296K
  class space    used 4376K, capacity 4782K, committed 4784K, reserved 1048576K
GC Heap History (10 events):
Event: 0.857 GC heap before
{Heap before GC invocations=4 (full 0):
 PSYoungGen      total 38400K, used 21904K [0x00000000d5f80000, 0x00000000daa80000, 0x0000000100000000)
  eden space 33280K, 50% used [0x00000000d5f80000,0x00000000d6feafb8,0x00000000d8000000)
  from space 5120K, 99% used [0x00000000d8000000,0x00000000d84f9440,0x00000000d8500000)
  to   space 5120K, 0% used [0x00000000da580000,0x00000000da580000,0x00000000daa80000)
 ParOldGen       total 87552K, used 3200K [0x0000000081e00000, 0x0000000087380000, 0x00000000d5f80000)
  object space 87552K, 3% used [0x0000000081e00000,0x0000000082120320,0x0000000087380000)
 Metaspace       used 20020K, capacity 21234K, committed 21296K, reserved 1067008K
  class space    used 2562K, capacity 2819K, committed 2864K, reserved 1048576K
Event: 0.864 GC heap after
Heap after GC invocations=4 (full 0):
 PSYoungGen      total 71680K, used 5100K [0x00000000d5f80000, 0x00000000daa80000, 0x0000000100000000)
  eden space 66560K, 0% used [0x00000000d5f80000,0x00000000d5f80000,0x00000000da080000)
  from space 5120K, 99% used [0x00000000da580000,0x00000000daa7b140,0x00000000daa80000)
  to   space 5120K, 0% used [0x00000000da080000,0x00000000da080000,0x00000000da580000)
 ParOldGen       total 87552K, used 4455K [0x0000000081e00000, 0x0000000087380000, 0x00000000d5f80000)
  object space 87552K, 5% used [0x0000000081e00000,0x0000000082259c40,0x0000000087380000)
 Metaspace       used 20020K, capacity 21234K, committed 21296K, reserved 1067008K
  class space    used 2562K, capacity 2819K, committed 2864K, reserved 1048576K
}
Event: 0.864 GC heap before
{Heap before GC invocations=5 (full 1):
 PSYoungGen      total 71680K, used 5100K [0x00000000d5f80000, 0x00000000daa80000, 0x0000000100000000)
  eden space 66560K, 0% used [0x00000000d5f80000,0x00000000d5f80000,0x00000000da080000)
  from space 5120K, 99% used [0x00000000da580000,0x00000000daa7b140,0x00000000daa80000)
  to   space 5120K, 0% used [0x00000000da080000,0x00000000da080000,0x00000000da580000)
 ParOldGen       total 87552K, used 4455K [0x0000000081e00000, 0x0000000087380000, 0x00000000d5f80000)
  object space 87552K, 5% used [0x0000000081e00000,0x0000000082259c40,0x0000000087380000)
 Metaspace       used 20020K, capacity 21234K, committed 21296K, reserved 1067008K
  class space    used 2562K, capacity 2819K, committed 2864K, reserved 1048576K
Event: 0.880 GC heap after
Heap after GC invocations=5 (full 1):
 PSYoungGen      total 71680K, used 0K [0x00000000d5f80000, 0x00000000daa80000, 0x0000000100000000)
  eden space 66560K, 0% used [0x00000000d5f80000,0x00000000d5f80000,0x00000000da080000)
  from space 5120K, 0% used [0x00000000da580000,0x00000000da580000,0x00000000daa80000)
  to   space 5120K, 0% used [0x00000000da080000,0x00000000da080000,0x00000000da580000)
 ParOldGen       total 52224K, used 6110K [0x0000000081e00000, 0x0000000085100000, 0x00000000d5f80000)
  object space 52224K, 11% used [0x0000000081e00000,0x00000000823f7a40,0x0000000085100000)
 Metaspace       used 20020K, capacity 21234K, committed 21296K, reserved 1067008K
  class space    used 2562K, capacity 2819K, committed 2864K, reserved 1048576K
}
Event: 1.217 GC heap before
{Heap before GC invocations=6 (full 1):
 PSYoungGen      total 71680K, used 66560K [0x00000000d5f80000, 0x00000000daa80000, 0x0000000100000000)
  eden space 66560K, 100% used [0x00000000d5f80000,0x00000000da080000,0x00000000da080000)
  from space 5120K, 0% used [0x00000000da580000,0x00000000da580000,0x00000000daa80000)
  to   space 5120K, 0% used [0x00000000da080000,0x00000000da080000,0x00000000da580000)
 ParOldGen       total 52224K, used 6110K [0x0000000081e00000, 0x0000000085100000, 0x00000000d5f80000)
  object space 52224K, 11% used [0x0000000081e00000,0x00000000823f7a40,0x0000000085100000)
 Metaspace       used 22730K, capacity 24106K, committed 24240K, reserved 1071104K
  class space    used 2942K, capacity 3243K, committed 3248K, reserved 1048576K
Event: 1.223 GC heap after
Heap after GC invocations=6 (full 1):
 PSYoungGen      total 71680K, used 5095K [0x00000000d5f80000, 0x00000000ddd00000, 0x0000000100000000)
  eden space 66560K, 0% used [0x00000000d5f80000,0x00000000d5f80000,0x00000000da080000)
  from space 5120K, 99% used [0x00000000da080000,0x00000000da579fa8,0x00000000da580000)
  to   space 8704K, 0% used [0x00000000dd480000,0x00000000dd480000,0x00000000ddd00000)
 ParOldGen       total 52224K, used 8352K [0x0000000081e00000, 0x0000000085100000, 0x00000000d5f80000)
  object space 52224K, 15% used [0x0000000081e00000,0x0000000082628290,0x0000000085100000)
 Metaspace       used 22730K, capacity 24106K, committed 24240K, reserved 1071104K
  class space    used 2942K, capacity 3243K, committed 3248K, reserved 1048576K
}
Event: 1.438 GC heap before
{Heap before GC invocations=7 (full 1):
 PSYoungGen      total 71680K, used 71655K [0x00000000d5f80000, 0x00000000ddd00000, 0x0000000100000000)
  eden space 66560K, 100% used [0x00000000d5f80000,0x00000000da080000,0x00000000da080000)
  from space 5120K, 99% used [0x00000000da080000,0x00000000da579fa8,0x00000000da580000)
  to   space 8704K, 0% used [0x00000000dd480000,0x00000000dd480000,0x00000000ddd00000)
 ParOldGen       total 52224K, used 8352K [0x0000000081e00000, 0x0000000085100000, 0x00000000d5f80000)
  object space 52224K, 15% used [0x0000000081e00000,0x0000000082628290,0x0000000085100000)
 Metaspace       used 24649K, capacity 26142K, committed 26288K, reserved 1073152K
  class space    used 3195K, capacity 3499K, committed 3504K, reserved 1048576K
Event: 1.441 GC heap after
Heap after GC invocations=7 (full 1):
 PSYoungGen      total 114688K, used 5170K [0x00000000d5f80000, 0x00000000dda80000, 0x0000000100000000)
  eden space 108544K, 0% used [0x00000000d5f80000,0x00000000d5f80000,0x00000000dc980000)
  from space 6144K, 84% used [0x00000000dd480000,0x00000000dd98caf8,0x00000000dda80000)
  to   space 8704K, 0% used [0x00000000dc980000,0x00000000dc980000,0x00000000dd200000)
 ParOldGen       total 52224K, used 8360K [0x0000000081e00000, 0x0000000085100000, 0x00000000d5f80000)
  object space 52224K, 16% used [0x0000000081e00000,0x000000008262a290,0x0000000085100000)
 Metaspace       used 24649K, capacity 26142K, committed 26288K, reserved 1073152K
  class space    used 3195K, capacity 3499K, committed 3504K, reserved 1048576K
}
Event: 2.104 GC heap before
{Heap before GC invocations=8 (full 1):
 PSYoungGen      total 114688K, used 113714K [0x00000000d5f80000, 0x00000000dda80000, 0x0000000100000000)
  eden space 108544K, 100% used [0x00000000d5f80000,0x00000000dc980000,0x00000000dc980000)
  from space 6144K, 84% used [0x00000000dd480000,0x00000000dd98caf8,0x00000000dda80000)
  to   space 8704K, 0% used [0x00000000dc980000,0x00000000dc980000,0x00000000dd200000)
 ParOldGen       total 52224K, used 8360K [0x0000000081e00000, 0x0000000085100000, 0x00000000d5f80000)
  object space 52224K, 16% used [0x0000000081e00000,0x000000008262a290,0x0000000085100000)
 Metaspace       used 29618K, capacity 31750K, committed 31920K, reserved 1077248K
  class space    used 3865K, capacity 4223K, committed 4272K, reserved 1048576K
Event: 2.114 GC heap after
Heap after GC invocations=8 (full 1):
 PSYoungGen      total 117248K, used 8689K [0x00000000d5f80000, 0x00000000e1e00000, 0x0000000100000000)
  eden space 108544K, 0% used [0x00000000d5f80000,0x00000000d5f80000,0x00000000dc980000)
  from space 8704K, 99% used [0x00000000dc980000,0x00000000dd1fc500,0x00000000dd200000)
  to   space 10752K, 0% used [0x00000000e1380000,0x00000000e1380000,0x00000000e1e00000)
 ParOldGen       total 52224K, used 11087K [0x0000000081e00000, 0x0000000085100000, 0x00000000d5f80000)
  object space 52224K, 21% used [0x0000000081e00000,0x00000000828d3d60,0x0000000085100000)
 Metaspace       used 29618K, capacity 31750K, committed 31920K, reserved 1077248K
  class space    used 3865K, capacity 4223K, committed 4272K, reserved 1048576K
}

